<?xml version="1.0" encoding="UTF-8"?>
<testng-results ignored="0" total="1" passed="1" failed="0" skipped="0">
  <reporter-output>
  </reporter-output>
  <suite started-at="2025-07-02T21:13:36 IST" name="Suite" finished-at="2025-07-02T21:13:39 IST" duration-ms="2852">
    <groups>
    </groups>
    <test started-at="2025-07-02T21:13:36 IST" name="Test" finished-at="2025-07-02T21:13:39 IST" duration-ms="2852">
      <class name="demo.Launchinggoogle">
        <test-method signature="demo()[pri:0, instance:demo.Launchinggoogle@433d61fb]" started-at="2025-07-02T21:13:36 IST" name="demo" finished-at="2025-07-02T21:13:39 IST" duration-ms="2812" status="PASS">
          <reporter-output>
          </reporter-output>
        </test-method> <!-- demo -->
      </class> <!-- demo.Launchinggoogle -->
    </test> <!-- Test -->
  </suite> <!-- Suite -->
</testng-results>
