<?xml version="1.0" encoding="UTF-8"?>
<testng-results ignored="0" total="1" passed="1" failed="0" skipped="0">
  <reporter-output>
  </reporter-output>
  <suite started-at="2025-07-16T18:16:07 IST" name="Suite" finished-at="2025-07-16T18:16:12 IST" duration-ms="5030">
    <groups>
    </groups>
    <test started-at="2025-07-16T18:16:07 IST" name="Test" finished-at="2025-07-16T18:16:12 IST" duration-ms="5030">
      <class name="demo.Launchinggoogle">
        <test-method signature="demo()[pri:0, instance:demo.Launchinggoogle@175c2241]" started-at="2025-07-16T18:16:07 IST" name="demo" finished-at="2025-07-16T18:16:12 IST" duration-ms="4998" status="PASS">
          <reporter-output>
          </reporter-output>
        </test-method> <!-- demo -->
      </class> <!-- demo.Launchinggoogle -->
    </test> <!-- Test -->
  </suite> <!-- Suite -->
</testng-results>
